[27-Apr-2018 10:26:23 UTC] PHP Fatal error:  Cannot use Symfony\Component\OptionsResolver\OptionsResolver as OptionsResolver because the name is already in use in /home/ubuntu/workspace/declaration-meuble/src/Form/HebergementType.php on line 9
[02-May-2018 11:04:40 UTC] PHP Fatal error:  Cannot declare class App\DataFixtures\BlogFixtures, because the name is already in use in /home/ubuntu/workspace/declaration-meuble/src/DataFixtures/UserFixtures.php on line 0
[02-May-2018 11:04:43 UTC] PHP Fatal error:  Cannot declare class App\DataFixtures\BlogFixtures, because the name is already in use in /home/ubuntu/workspace/declaration-meuble/src/DataFixtures/UserFixtures.php on line 0
[02-May-2018 11:04:52 UTC] PHP Fatal error:  Cannot declare class App\DataFixtures\BlogFixtures, because the name is already in use in /home/ubuntu/workspace/declaration-meuble/src/DataFixtures/UserFixtures.php on line 0
[03-May-2018 10:31:48 UTC] PHP Fatal error:  Cannot redeclare App\Entity\User::$mairie in /home/ubuntu/workspace/declaration-meuble/src/Entity/User.php on line 94
[04-May-2018 09:13:10 UTC] PHP Fatal error:  Class App\Entity\User contains 1 abstract method and must therefore be declared abstract or implement the remaining methods (Symfony\Component\Security\Core\User\UserInterface::getUsername) in /home/ubuntu/workspace/declaration-meuble/src/Entity/User.php on line 21
[06-May-2018 07:05:40 UTC] PHP Fatal error:  Cannot redeclare App\Entity\User::getUsername() in /home/ubuntu/workspace/declaration-meuble/src/Entity/User.php on line 335
<<<<<<< HEAD
[07-May-2018 09:53:32 UTC] PHP Fatal error:  Cannot redeclare App\Controller\AdminHomeController::index() in /home/ubuntu/workspace/declaration-meuble/src/Controller/AdminHomeController.php on line 30
[07-May-2018 09:53:32 UTC] PHP Fatal error:  Cannot redeclare App\Controller\AdminHomeController::index() in /home/ubuntu/workspace/declaration-meuble/src/Controller/AdminHomeController.php on line 30
[07-May-2018 09:53:32 UTC] PHP Fatal error:  Cannot redeclare App\Controller\AdminHomeController::index() in /home/ubuntu/workspace/declaration-meuble/src/Controller/AdminHomeController.php on line 30
[07-May-2018 09:53:37 UTC] PHP Fatal error:  Cannot redeclare App\Controller\AdminHomeController::index() in /home/ubuntu/workspace/declaration-meuble/src/Controller/AdminHomeController.php on line 30
[07-May-2018 09:54:04 UTC] PHP Fatal error:  Cannot redeclare App\Controller\AdminHomeController::index() in /home/ubuntu/workspace/declaration-meuble/src/Controller/AdminHomeController.php on line 30
[07-May-2018 09:54:06 UTC] PHP Fatal error:  Cannot redeclare App\Controller\AdminHomeController::index() in /home/ubuntu/workspace/declaration-meuble/src/Controller/AdminHomeController.php on line 30
[07-May-2018 09:54:07 UTC] PHP Fatal error:  Cannot redeclare App\Controller\AdminHomeController::index() in /home/ubuntu/workspace/declaration-meuble/src/Controller/AdminHomeController.php on line 30
[07-May-2018 09:54:07 UTC] PHP Fatal error:  Cannot redeclare App\Controller\AdminHomeController::index() in /home/ubuntu/workspace/declaration-meuble/src/Controller/AdminHomeController.php on line 30
[07-May-2018 09:54:08 UTC] PHP Fatal error:  Cannot redeclare App\Controller\AdminHomeController::index() in /home/ubuntu/workspace/declaration-meuble/src/Controller/AdminHomeController.php on line 30
=======
[07-May-2018 10:30:56 UTC] PHP Fatal error:  Cannot redeclare App\Controller\PdfController::index() in /home/ubuntu/workspace/declaration-meuble/src/Controller/PdfController.php on line 24
>>>>>>> b678c2aa8719ace88893b4ead8e197e696803732
[07-May-2018 14:06:58 UTC] PHP Fatal error:  Cannot use Symfony\Component\Routing\Annotation\Route as Route because the name is already in use in /home/ubuntu/workspace/declaration-meuble/src/Controller/CreationMairieController.php on line 15
[07-May-2018 14:07:50 UTC] PHP Fatal error:  Cannot use Symfony\Bundle\FrameworkBundle\Controller\Controller as Controller because the name is already in use in /home/ubuntu/workspace/declaration-meuble/src/Controller/CreationMairieController.php on line 15
[07-May-2018 14:22:43 UTC] PHP Fatal error:  Cannot declare class App\Form\UserType, because the name is already in use in /home/ubuntu/workspace/declaration-meuble/src/Form/CommuneType.php on line 0
